<?xml version="1.0" encoding="UTF-8"?>
<testng-results skipped="0" failed="0" ignored="0" total="1" passed="1">
  <reporter-output>
    <line>
      <![CDATA[[[FirefoxDriver: firefox on MAC (dec007dc-92d1-4709-90d2-1136a218651b)] -> xpath: (//input[@class='jsx-124524553 button'])[1]]<--- has been clicked<br>]]>
    </line>
    <line>
      <![CDATA[11368 : has been passed to ---> [[FirefoxDriver: firefox on MAC (dec007dc-92d1-4709-90d2-1136a218651b)] -> xpath: //input[@id='quote-zipCode-input']]<br>]]>
    </line>
    <line>
      <![CDATA[[[FirefoxDriver: firefox on MAC (dec007dc-92d1-4709-90d2-1136a218651b)] -> xpath: (//input[@class='jsx-124524553 button'])[1]]<--- has been clicked<br>]]>
    </line>
  </reporter-output>
  <suite name="Default suite" duration-ms="8889" started-at="2022-10-25T12:50:43Z" finished-at="2022-10-25T12:50:52Z">
    <groups>
    </groups>
    <test name="Default test" duration-ms="8889" started-at="2022-10-25T12:50:43Z" finished-at="2022-10-25T12:50:52Z">
      <class name="auto.Autotest">
        <test-method status="PASS" signature="setUpDriver()[pri:0, instance:auto.Autotest@6e4784bc]" name="setUpDriver" is-config="true" duration-ms="7444" started-at="2022-10-25T12:50:43Z" finished-at="2022-10-25T12:50:50Z">
          <reporter-output>
          </reporter-output>
        </test-method> <!-- setUpDriver -->
        <test-method status="PASS" signature="test()[pri:0, instance:auto.Autotest@6e4784bc]" name="test" duration-ms="944" started-at="2022-10-25T12:50:50Z" finished-at="2022-10-25T12:50:51Z">
          <reporter-output>
            <line>
              <![CDATA[[[FirefoxDriver: firefox on MAC (dec007dc-92d1-4709-90d2-1136a218651b)] -> xpath: (//input[@class='jsx-124524553 button'])[1]]<--- has been clicked<br>]]>
            </line>
            <line>
              <![CDATA[11368 : has been passed to ---> [[FirefoxDriver: firefox on MAC (dec007dc-92d1-4709-90d2-1136a218651b)] -> xpath: //input[@id='quote-zipCode-input']]<br>]]>
            </line>
            <line>
              <![CDATA[[[FirefoxDriver: firefox on MAC (dec007dc-92d1-4709-90d2-1136a218651b)] -> xpath: (//input[@class='jsx-124524553 button'])[1]]<--- has been clicked<br>]]>
            </line>
          </reporter-output>
        </test-method> <!-- test -->
        <test-method status="PASS" signature="closingDriverSession()[pri:0, instance:auto.Autotest@6e4784bc]" name="closingDriverSession" is-config="true" duration-ms="464" started-at="2022-10-25T12:50:51Z" finished-at="2022-10-25T12:50:52Z">
          <reporter-output>
          </reporter-output>
        </test-method> <!-- closingDriverSession -->
      </class> <!-- auto.Autotest -->
    </test> <!-- Default test -->
  </suite> <!-- Default suite -->
</testng-results>
